{"C:\\Users\\edubr\\projects\\react-native\\react-native-alura-05\\App.js": {"path":"C:\\Users\\edubr\\projects\\react-native\\react-native-alura-05\\App.js","statementMap":{"0":{"start":{"line":8,"column":2},"end":{"line":18,"column":4}},"1":{"start":{"line":21,"column":16},"end":{"line":28,"column":2}}},"fnMap":{"0":{"name":"App","decl":{"start":{"line":7,"column":24},"end":{"line":7,"column":27}},"loc":{"start":{"line":7,"column":30},"end":{"line":19,"column":1}},"line":7}},"branchMap":{"0":{"loc":{"start":{"line":13,"column":32},"end":{"line":13,"column":62}},"type":"cond-expr","locations":[{"start":{"line":13,"column":56},"end":{"line":13,"column":57}},{"start":{"line":13,"column":60},"end":{"line":13,"column":62}}],"line":13},"1":{"loc":{"start":{"line":14,"column":18},"end":{"line":14,"column":62}},"type":"cond-expr","locations":[{"start":{"line":14,"column":42},"end":{"line":14,"column":51}},{"start":{"line":14,"column":54},"end":{"line":14,"column":62}}],"line":14}},"s":{"0":0,"1":0},"f":{"0":0},"b":{"0":[0,0],"1":[0,0]}}
,"C:\\Users\\edubr\\projects\\react-native\\react-native-alura-05\\.expo\\metro\\polyfill.js": {"path":"C:\\Users\\edubr\\projects\\react-native\\react-native-alura-05\\.expo\\metro\\polyfill.js","statementMap":{"0":{"start":{"line":1,"column":0},"end":{"line":1,"column":81}},"1":{"start":{"line":1,"column":76},"end":{"line":1,"column":80}}},"fnMap":{"0":{"name":"(anonymous_0)","decl":{"start":{"line":1,"column":70},"end":{"line":1,"column":71}},"loc":{"start":{"line":1,"column":76},"end":{"line":1,"column":80}},"line":1}},"branchMap":{"0":{"loc":{"start":{"line":1,"column":28},"end":{"line":1,"column":80}},"type":"cond-expr","locations":[{"start":{"line":1,"column":60},"end":{"line":1,"column":67}},{"start":{"line":1,"column":70},"end":{"line":1,"column":80}}],"line":1}},"s":{"0":0,"1":0},"f":{"0":0},"b":{"0":[0,0]}}
,"C:\\Users\\edubr\\projects\\react-native\\react-native-alura-05\\.expo\\metro\\polyfill.native.js": {"path":"C:\\Users\\edubr\\projects\\react-native\\react-native-alura-05\\.expo\\metro\\polyfill.native.js","statementMap":{"0":{"start":{"line":1,"column":0},"end":{"line":1,"column":155}},"1":{"start":{"line":1,"column":43},"end":{"line":1,"column":154}}},"fnMap":{"0":{"name":"(anonymous_0)","decl":{"start":{"line":1,"column":28},"end":{"line":1,"column":29}},"loc":{"start":{"line":1,"column":42},"end":{"line":1,"column":155}},"line":1}},"branchMap":{},"s":{"0":0,"1":0},"f":{"0":0},"b":{}}
,"C:\\Users\\edubr\\projects\\react-native\\react-native-alura-05\\.expo\\metro\\externals\\assert\\index.js": {"path":"C:\\Users\\edubr\\projects\\react-native\\react-native-alura-05\\.expo\\metro\\externals\\assert\\index.js","statementMap":{"0":{"start":{"line":1,"column":0},"end":{"line":1,"column":51}}},"fnMap":{},"branchMap":{},"s":{"0":0},"f":{},"b":{}}
,"C:\\Users\\edubr\\projects\\react-native\\react-native-alura-05\\.expo\\metro\\externals\\async_hooks\\index.js": {"path":"C:\\Users\\edubr\\projects\\react-native\\react-native-alura-05\\.expo\\metro\\externals\\async_hooks\\index.js","statementMap":{"0":{"start":{"line":1,"column":0},"end":{"line":1,"column":56}}},"fnMap":{},"branchMap":{},"s":{"0":0},"f":{},"b":{}}
,"C:\\Users\\edubr\\projects\\react-native\\react-native-alura-05\\.expo\\metro\\externals\\buffer\\index.js": {"path":"C:\\Users\\edubr\\projects\\react-native\\react-native-alura-05\\.expo\\metro\\externals\\buffer\\index.js","statementMap":{"0":{"start":{"line":1,"column":0},"end":{"line":1,"column":51}}},"fnMap":{},"branchMap":{},"s":{"0":0},"f":{},"b":{}}
,"C:\\Users\\edubr\\projects\\react-native\\react-native-alura-05\\.expo\\metro\\externals\\child_process\\index.js": {"path":"C:\\Users\\edubr\\projects\\react-native\\react-native-alura-05\\.expo\\metro\\externals\\child_process\\index.js","statementMap":{"0":{"start":{"line":1,"column":0},"end":{"line":1,"column":58}}},"fnMap":{},"branchMap":{},"s":{"0":0},"f":{},"b":{}}
,"C:\\Users\\edubr\\projects\\react-native\\react-native-alura-05\\.expo\\metro\\externals\\cluster\\index.js": {"path":"C:\\Users\\edubr\\projects\\react-native\\react-native-alura-05\\.expo\\metro\\externals\\cluster\\index.js","statementMap":{"0":{"start":{"line":1,"column":0},"end":{"line":1,"column":52}}},"fnMap":{},"branchMap":{},"s":{"0":0},"f":{},"b":{}}
,"C:\\Users\\edubr\\projects\\react-native\\react-native-alura-05\\.expo\\metro\\externals\\console\\index.js": {"path":"C:\\Users\\edubr\\projects\\react-native\\react-native-alura-05\\.expo\\metro\\externals\\console\\index.js","statementMap":{"0":{"start":{"line":1,"column":0},"end":{"line":1,"column":52}}},"fnMap":{},"branchMap":{},"s":{"0":0},"f":{},"b":{}}
,"C:\\Users\\edubr\\projects\\react-native\\react-native-alura-05\\.expo\\metro\\externals\\constants\\index.js": {"path":"C:\\Users\\edubr\\projects\\react-native\\react-native-alura-05\\.expo\\metro\\externals\\constants\\index.js","statementMap":{"0":{"start":{"line":1,"column":0},"end":{"line":1,"column":54}}},"fnMap":{},"branchMap":{},"s":{"0":0},"f":{},"b":{}}
,"C:\\Users\\edubr\\projects\\react-native\\react-native-alura-05\\.expo\\metro\\externals\\crypto\\index.js": {"path":"C:\\Users\\edubr\\projects\\react-native\\react-native-alura-05\\.expo\\metro\\externals\\crypto\\index.js","statementMap":{"0":{"start":{"line":1,"column":0},"end":{"line":1,"column":51}}},"fnMap":{},"branchMap":{},"s":{"0":0},"f":{},"b":{}}
,"C:\\Users\\edubr\\projects\\react-native\\react-native-alura-05\\.expo\\metro\\externals\\dgram\\index.js": {"path":"C:\\Users\\edubr\\projects\\react-native\\react-native-alura-05\\.expo\\metro\\externals\\dgram\\index.js","statementMap":{"0":{"start":{"line":1,"column":0},"end":{"line":1,"column":50}}},"fnMap":{},"branchMap":{},"s":{"0":0},"f":{},"b":{}}
,"C:\\Users\\edubr\\projects\\react-native\\react-native-alura-05\\.expo\\metro\\externals\\diagnostics_channel\\index.js": {"path":"C:\\Users\\edubr\\projects\\react-native\\react-native-alura-05\\.expo\\metro\\externals\\diagnostics_channel\\index.js","statementMap":{"0":{"start":{"line":1,"column":0},"end":{"line":1,"column":64}}},"fnMap":{},"branchMap":{},"s":{"0":0},"f":{},"b":{}}
,"C:\\Users\\edubr\\projects\\react-native\\react-native-alura-05\\.expo\\metro\\externals\\dns\\index.js": {"path":"C:\\Users\\edubr\\projects\\react-native\\react-native-alura-05\\.expo\\metro\\externals\\dns\\index.js","statementMap":{"0":{"start":{"line":1,"column":0},"end":{"line":1,"column":48}}},"fnMap":{},"branchMap":{},"s":{"0":0},"f":{},"b":{}}
,"C:\\Users\\edubr\\projects\\react-native\\react-native-alura-05\\.expo\\metro\\externals\\domain\\index.js": {"path":"C:\\Users\\edubr\\projects\\react-native\\react-native-alura-05\\.expo\\metro\\externals\\domain\\index.js","statementMap":{"0":{"start":{"line":1,"column":0},"end":{"line":1,"column":51}}},"fnMap":{},"branchMap":{},"s":{"0":0},"f":{},"b":{}}
,"C:\\Users\\edubr\\projects\\react-native\\react-native-alura-05\\.expo\\metro\\externals\\events\\index.js": {"path":"C:\\Users\\edubr\\projects\\react-native\\react-native-alura-05\\.expo\\metro\\externals\\events\\index.js","statementMap":{"0":{"start":{"line":1,"column":0},"end":{"line":1,"column":51}}},"fnMap":{},"branchMap":{},"s":{"0":0},"f":{},"b":{}}
,"C:\\Users\\edubr\\projects\\react-native\\react-native-alura-05\\.expo\\metro\\externals\\fs\\index.js": {"path":"C:\\Users\\edubr\\projects\\react-native\\react-native-alura-05\\.expo\\metro\\externals\\fs\\index.js","statementMap":{"0":{"start":{"line":1,"column":0},"end":{"line":1,"column":47}}},"fnMap":{},"branchMap":{},"s":{"0":0},"f":{},"b":{}}
,"C:\\Users\\edubr\\projects\\react-native\\react-native-alura-05\\.expo\\metro\\externals\\fs\\promises\\index.js": {"path":"C:\\Users\\edubr\\projects\\react-native\\react-native-alura-05\\.expo\\metro\\externals\\fs\\promises\\index.js","statementMap":{"0":{"start":{"line":1,"column":0},"end":{"line":1,"column":56}}},"fnMap":{},"branchMap":{},"s":{"0":0},"f":{},"b":{}}
,"C:\\Users\\edubr\\projects\\react-native\\react-native-alura-05\\.expo\\metro\\externals\\http\\index.js": {"path":"C:\\Users\\edubr\\projects\\react-native\\react-native-alura-05\\.expo\\metro\\externals\\http\\index.js","statementMap":{"0":{"start":{"line":1,"column":0},"end":{"line":1,"column":49}}},"fnMap":{},"branchMap":{},"s":{"0":0},"f":{},"b":{}}
,"C:\\Users\\edubr\\projects\\react-native\\react-native-alura-05\\.expo\\metro\\externals\\http2\\index.js": {"path":"C:\\Users\\edubr\\projects\\react-native\\react-native-alura-05\\.expo\\metro\\externals\\http2\\index.js","statementMap":{"0":{"start":{"line":1,"column":0},"end":{"line":1,"column":50}}},"fnMap":{},"branchMap":{},"s":{"0":0},"f":{},"b":{}}
,"C:\\Users\\edubr\\projects\\react-native\\react-native-alura-05\\.expo\\metro\\externals\\https\\index.js": {"path":"C:\\Users\\edubr\\projects\\react-native\\react-native-alura-05\\.expo\\metro\\externals\\https\\index.js","statementMap":{"0":{"start":{"line":1,"column":0},"end":{"line":1,"column":50}}},"fnMap":{},"branchMap":{},"s":{"0":0},"f":{},"b":{}}
,"C:\\Users\\edubr\\projects\\react-native\\react-native-alura-05\\.expo\\metro\\externals\\inspector\\index.js": {"path":"C:\\Users\\edubr\\projects\\react-native\\react-native-alura-05\\.expo\\metro\\externals\\inspector\\index.js","statementMap":{"0":{"start":{"line":1,"column":0},"end":{"line":1,"column":54}}},"fnMap":{},"branchMap":{},"s":{"0":0},"f":{},"b":{}}
,"C:\\Users\\edubr\\projects\\react-native\\react-native-alura-05\\.expo\\metro\\externals\\module\\index.js": {"path":"C:\\Users\\edubr\\projects\\react-native\\react-native-alura-05\\.expo\\metro\\externals\\module\\index.js","statementMap":{"0":{"start":{"line":1,"column":0},"end":{"line":1,"column":51}}},"fnMap":{},"branchMap":{},"s":{"0":0},"f":{},"b":{}}
,"C:\\Users\\edubr\\projects\\react-native\\react-native-alura-05\\.expo\\metro\\externals\\net\\index.js": {"path":"C:\\Users\\edubr\\projects\\react-native\\react-native-alura-05\\.expo\\metro\\externals\\net\\index.js","statementMap":{"0":{"start":{"line":1,"column":0},"end":{"line":1,"column":48}}},"fnMap":{},"branchMap":{},"s":{"0":0},"f":{},"b":{}}
,"C:\\Users\\edubr\\projects\\react-native\\react-native-alura-05\\.expo\\metro\\externals\\os\\index.js": {"path":"C:\\Users\\edubr\\projects\\react-native\\react-native-alura-05\\.expo\\metro\\externals\\os\\index.js","statementMap":{"0":{"start":{"line":1,"column":0},"end":{"line":1,"column":47}}},"fnMap":{},"branchMap":{},"s":{"0":0},"f":{},"b":{}}
,"C:\\Users\\edubr\\projects\\react-native\\react-native-alura-05\\.expo\\metro\\externals\\path\\index.js": {"path":"C:\\Users\\edubr\\projects\\react-native\\react-native-alura-05\\.expo\\metro\\externals\\path\\index.js","statementMap":{"0":{"start":{"line":1,"column":0},"end":{"line":1,"column":49}}},"fnMap":{},"branchMap":{},"s":{"0":0},"f":{},"b":{}}
,"C:\\Users\\edubr\\projects\\react-native\\react-native-alura-05\\.expo\\metro\\externals\\perf_hooks\\index.js": {"path":"C:\\Users\\edubr\\projects\\react-native\\react-native-alura-05\\.expo\\metro\\externals\\perf_hooks\\index.js","statementMap":{"0":{"start":{"line":1,"column":0},"end":{"line":1,"column":55}}},"fnMap":{},"branchMap":{},"s":{"0":0},"f":{},"b":{}}
,"C:\\Users\\edubr\\projects\\react-native\\react-native-alura-05\\.expo\\metro\\externals\\process\\index.js": {"path":"C:\\Users\\edubr\\projects\\react-native\\react-native-alura-05\\.expo\\metro\\externals\\process\\index.js","statementMap":{"0":{"start":{"line":1,"column":0},"end":{"line":1,"column":52}}},"fnMap":{},"branchMap":{},"s":{"0":0},"f":{},"b":{}}
,"C:\\Users\\edubr\\projects\\react-native\\react-native-alura-05\\.expo\\metro\\externals\\punycode\\index.js": {"path":"C:\\Users\\edubr\\projects\\react-native\\react-native-alura-05\\.expo\\metro\\externals\\punycode\\index.js","statementMap":{"0":{"start":{"line":1,"column":0},"end":{"line":1,"column":53}}},"fnMap":{},"branchMap":{},"s":{"0":0},"f":{},"b":{}}
,"C:\\Users\\edubr\\projects\\react-native\\react-native-alura-05\\.expo\\metro\\externals\\querystring\\index.js": {"path":"C:\\Users\\edubr\\projects\\react-native\\react-native-alura-05\\.expo\\metro\\externals\\querystring\\index.js","statementMap":{"0":{"start":{"line":1,"column":0},"end":{"line":1,"column":56}}},"fnMap":{},"branchMap":{},"s":{"0":0},"f":{},"b":{}}
,"C:\\Users\\edubr\\projects\\react-native\\react-native-alura-05\\.expo\\metro\\externals\\readline\\index.js": {"path":"C:\\Users\\edubr\\projects\\react-native\\react-native-alura-05\\.expo\\metro\\externals\\readline\\index.js","statementMap":{"0":{"start":{"line":1,"column":0},"end":{"line":1,"column":53}}},"fnMap":{},"branchMap":{},"s":{"0":0},"f":{},"b":{}}
,"C:\\Users\\edubr\\projects\\react-native\\react-native-alura-05\\.expo\\metro\\externals\\repl\\index.js": {"path":"C:\\Users\\edubr\\projects\\react-native\\react-native-alura-05\\.expo\\metro\\externals\\repl\\index.js","statementMap":{"0":{"start":{"line":1,"column":0},"end":{"line":1,"column":49}}},"fnMap":{},"branchMap":{},"s":{"0":0},"f":{},"b":{}}
,"C:\\Users\\edubr\\projects\\react-native\\react-native-alura-05\\.expo\\metro\\externals\\stream\\index.js": {"path":"C:\\Users\\edubr\\projects\\react-native\\react-native-alura-05\\.expo\\metro\\externals\\stream\\index.js","statementMap":{"0":{"start":{"line":1,"column":0},"end":{"line":1,"column":51}}},"fnMap":{},"branchMap":{},"s":{"0":0},"f":{},"b":{}}
,"C:\\Users\\edubr\\projects\\react-native\\react-native-alura-05\\.expo\\metro\\externals\\string_decoder\\index.js": {"path":"C:\\Users\\edubr\\projects\\react-native\\react-native-alura-05\\.expo\\metro\\externals\\string_decoder\\index.js","statementMap":{"0":{"start":{"line":1,"column":0},"end":{"line":1,"column":59}}},"fnMap":{},"branchMap":{},"s":{"0":0},"f":{},"b":{}}
,"C:\\Users\\edubr\\projects\\react-native\\react-native-alura-05\\.expo\\metro\\externals\\timers\\index.js": {"path":"C:\\Users\\edubr\\projects\\react-native\\react-native-alura-05\\.expo\\metro\\externals\\timers\\index.js","statementMap":{"0":{"start":{"line":1,"column":0},"end":{"line":1,"column":51}}},"fnMap":{},"branchMap":{},"s":{"0":0},"f":{},"b":{}}
,"C:\\Users\\edubr\\projects\\react-native\\react-native-alura-05\\.expo\\metro\\externals\\tls\\index.js": {"path":"C:\\Users\\edubr\\projects\\react-native\\react-native-alura-05\\.expo\\metro\\externals\\tls\\index.js","statementMap":{"0":{"start":{"line":1,"column":0},"end":{"line":1,"column":48}}},"fnMap":{},"branchMap":{},"s":{"0":0},"f":{},"b":{}}
,"C:\\Users\\edubr\\projects\\react-native\\react-native-alura-05\\.expo\\metro\\externals\\trace_events\\index.js": {"path":"C:\\Users\\edubr\\projects\\react-native\\react-native-alura-05\\.expo\\metro\\externals\\trace_events\\index.js","statementMap":{"0":{"start":{"line":1,"column":0},"end":{"line":1,"column":57}}},"fnMap":{},"branchMap":{},"s":{"0":0},"f":{},"b":{}}
,"C:\\Users\\edubr\\projects\\react-native\\react-native-alura-05\\.expo\\metro\\externals\\tty\\index.js": {"path":"C:\\Users\\edubr\\projects\\react-native\\react-native-alura-05\\.expo\\metro\\externals\\tty\\index.js","statementMap":{"0":{"start":{"line":1,"column":0},"end":{"line":1,"column":48}}},"fnMap":{},"branchMap":{},"s":{"0":0},"f":{},"b":{}}
,"C:\\Users\\edubr\\projects\\react-native\\react-native-alura-05\\.expo\\metro\\externals\\url\\index.js": {"path":"C:\\Users\\edubr\\projects\\react-native\\react-native-alura-05\\.expo\\metro\\externals\\url\\index.js","statementMap":{"0":{"start":{"line":1,"column":0},"end":{"line":1,"column":48}}},"fnMap":{},"branchMap":{},"s":{"0":0},"f":{},"b":{}}
,"C:\\Users\\edubr\\projects\\react-native\\react-native-alura-05\\.expo\\metro\\externals\\util\\index.js": {"path":"C:\\Users\\edubr\\projects\\react-native\\react-native-alura-05\\.expo\\metro\\externals\\util\\index.js","statementMap":{"0":{"start":{"line":1,"column":0},"end":{"line":1,"column":49}}},"fnMap":{},"branchMap":{},"s":{"0":0},"f":{},"b":{}}
,"C:\\Users\\edubr\\projects\\react-native\\react-native-alura-05\\.expo\\metro\\externals\\v8\\index.js": {"path":"C:\\Users\\edubr\\projects\\react-native\\react-native-alura-05\\.expo\\metro\\externals\\v8\\index.js","statementMap":{"0":{"start":{"line":1,"column":0},"end":{"line":1,"column":47}}},"fnMap":{},"branchMap":{},"s":{"0":0},"f":{},"b":{}}
,"C:\\Users\\edubr\\projects\\react-native\\react-native-alura-05\\.expo\\metro\\externals\\vm\\index.js": {"path":"C:\\Users\\edubr\\projects\\react-native\\react-native-alura-05\\.expo\\metro\\externals\\vm\\index.js","statementMap":{"0":{"start":{"line":1,"column":0},"end":{"line":1,"column":47}}},"fnMap":{},"branchMap":{},"s":{"0":0},"f":{},"b":{}}
,"C:\\Users\\edubr\\projects\\react-native\\react-native-alura-05\\.expo\\metro\\externals\\wasi\\index.js": {"path":"C:\\Users\\edubr\\projects\\react-native\\react-native-alura-05\\.expo\\metro\\externals\\wasi\\index.js","statementMap":{"0":{"start":{"line":1,"column":0},"end":{"line":1,"column":49}}},"fnMap":{},"branchMap":{},"s":{"0":0},"f":{},"b":{}}
,"C:\\Users\\edubr\\projects\\react-native\\react-native-alura-05\\.expo\\metro\\externals\\worker_threads\\index.js": {"path":"C:\\Users\\edubr\\projects\\react-native\\react-native-alura-05\\.expo\\metro\\externals\\worker_threads\\index.js","statementMap":{"0":{"start":{"line":1,"column":0},"end":{"line":1,"column":59}}},"fnMap":{},"branchMap":{},"s":{"0":0},"f":{},"b":{}}
,"C:\\Users\\edubr\\projects\\react-native\\react-native-alura-05\\.expo\\metro\\externals\\zlib\\index.js": {"path":"C:\\Users\\edubr\\projects\\react-native\\react-native-alura-05\\.expo\\metro\\externals\\zlib\\index.js","statementMap":{"0":{"start":{"line":1,"column":0},"end":{"line":1,"column":49}}},"fnMap":{},"branchMap":{},"s":{"0":0},"f":{},"b":{}}
,"C:\\Users\\edubr\\projects\\react-native\\react-native-alura-05\\.expo\\metro\\shims\\react-native-web\\dist\\cjs\\exports\\AppRegistry\\AppContainer.js": {"path":"C:\\Users\\edubr\\projects\\react-native\\react-native-alura-05\\.expo\\metro\\shims\\react-native-web\\dist\\cjs\\exports\\AppRegistry\\AppContainer.js","statementMap":{"0":{"start":{"line":5,"column":2},"end":{"line":5,"column":18}},"1":{"start":{"line":8,"column":0},"end":{"line":10,"column":1}},"2":{"start":{"line":9,"column":2},"end":{"line":9,"column":44}},"3":{"start":{"line":12,"column":0},"end":{"line":12,"column":30}},"4":{"start":{"line":13,"column":0},"end":{"line":13,"column":38}}},"fnMap":{"0":{"name":"AppContainer","decl":{"start":{"line":4,"column":9},"end":{"line":4,"column":21}},"loc":{"start":{"line":4,"column":36},"end":{"line":6,"column":1}},"line":4}},"branchMap":{"0":{"loc":{"start":{"line":8,"column":0},"end":{"line":10,"column":1}},"type":"if","locations":[{"start":{"line":8,"column":0},"end":{"line":10,"column":1}},{"start":{},"end":{}}],"line":8}},"s":{"0":0,"1":0,"2":0,"3":0,"4":0},"f":{"0":0},"b":{"0":[0,0]}}
,"C:\\Users\\edubr\\projects\\react-native\\react-native-alura-05\\.expo\\metro\\shims\\react-native-web\\dist\\cjs\\exports\\BackHandler\\index.js": {"path":"C:\\Users\\edubr\\projects\\react-native\\react-native-alura-05\\.expo\\metro\\shims\\react-native-web\\dist\\cjs\\exports\\BackHandler\\index.js","statementMap":{"0":{"start":{"line":3,"column":0},"end":{"line":3,"column":54}},"1":{"start":{"line":4,"column":18},"end":{"line":8,"column":3}},"2":{"start":{"line":6,"column":29},"end":{"line":6,"column":54}},"3":{"start":{"line":9,"column":13},"end":{"line":9,"column":24}},"4":{"start":{"line":10,"column":0},"end":{"line":10,"column":65}}},"fnMap":{"0":{"name":"emptyFunction","decl":{"start":{"line":2,"column":9},"end":{"line":2,"column":22}},"loc":{"start":{"line":2,"column":25},"end":{"line":2,"column":27}},"line":2},"1":{"name":"(anonymous_1)","decl":{"start":{"line":6,"column":22},"end":{"line":6,"column":23}},"loc":{"start":{"line":6,"column":29},"end":{"line":6,"column":54}},"line":6}},"branchMap":{},"s":{"0":0,"1":0,"2":0,"3":0,"4":0},"f":{"0":0,"1":0},"b":{}}
,"C:\\Users\\edubr\\projects\\react-native\\react-native-alura-05\\.expo\\metro\\shims\\react-native-web\\dist\\exports\\AppRegistry\\AppContainer.js": {"path":"C:\\Users\\edubr\\projects\\react-native\\react-native-alura-05\\.expo\\metro\\shims\\react-native-web\\dist\\exports\\AppRegistry\\AppContainer.js","statementMap":{"0":{"start":{"line":5,"column":2},"end":{"line":5,"column":18}},"1":{"start":{"line":8,"column":0},"end":{"line":10,"column":1}},"2":{"start":{"line":9,"column":2},"end":{"line":9,"column":44}}},"fnMap":{"0":{"name":"AppContainer","decl":{"start":{"line":4,"column":9},"end":{"line":4,"column":21}},"loc":{"start":{"line":4,"column":36},"end":{"line":6,"column":1}},"line":4}},"branchMap":{"0":{"loc":{"start":{"line":8,"column":0},"end":{"line":10,"column":1}},"type":"if","locations":[{"start":{"line":8,"column":0},"end":{"line":10,"column":1}},{"start":{},"end":{}}],"line":8}},"s":{"0":0,"1":0,"2":0},"f":{"0":0},"b":{"0":[0,0]}}
,"C:\\Users\\edubr\\projects\\react-native\\react-native-alura-05\\.expo\\metro\\shims\\react-native-web\\dist\\exports\\BackHandler\\index.js": {"path":"C:\\Users\\edubr\\projects\\react-native\\react-native-alura-05\\.expo\\metro\\shims\\react-native-web\\dist\\exports\\BackHandler\\index.js","statementMap":{"0":{"start":{"line":2,"column":18},"end":{"line":6,"column":1}},"1":{"start":{"line":4,"column":27},"end":{"line":4,"column":52}}},"fnMap":{"0":{"name":"emptyFunction","decl":{"start":{"line":1,"column":9},"end":{"line":1,"column":22}},"loc":{"start":{"line":1,"column":25},"end":{"line":1,"column":27}},"line":1},"1":{"name":"(anonymous_1)","decl":{"start":{"line":4,"column":20},"end":{"line":4,"column":21}},"loc":{"start":{"line":4,"column":27},"end":{"line":4,"column":52}},"line":4}},"branchMap":{},"s":{"0":0,"1":0},"f":{"0":0,"1":0},"b":{}}
,"C:\\Users\\edubr\\projects\\react-native\\react-native-alura-05\\src\\componentes\\Cartao.js": {"path":"C:\\Users\\edubr\\projects\\react-native\\react-native-alura-05\\src\\componentes\\Cartao.js","statementMap":{"0":{"start":{"line":6,"column":2},"end":{"line":8,"column":15}},"1":{"start":{"line":11,"column":16},"end":{"line":27,"column":2}}},"fnMap":{"0":{"name":"Cartao","decl":{"start":{"line":5,"column":24},"end":{"line":5,"column":30}},"loc":{"start":{"line":5,"column":81},"end":{"line":9,"column":1}},"line":5}},"branchMap":{"0":{"loc":{"start":{"line":5,"column":50},"end":{"line":5,"column":67}},"type":"default-arg","locations":[{"start":{"line":5,"column":63},"end":{"line":5,"column":67}}],"line":5}},"s":{"0":0,"1":0},"f":{"0":0},"b":{"0":[0]}}
,"C:\\Users\\edubr\\projects\\react-native\\react-native-alura-05\\src\\componentes\\Icone.js": {"path":"C:\\Users\\edubr\\projects\\react-native\\react-native-alura-05\\src\\componentes\\Icone.js","statementMap":{"0":{"start":{"line":7,"column":18},"end":{"line":7,"column":36}},"1":{"start":{"line":9,"column":2},"end":{"line":11,"column":9}},"2":{"start":{"line":14,"column":22},"end":{"line":21,"column":2}},"3":{"start":{"line":14,"column":31},"end":{"line":21,"column":2}}},"fnMap":{"0":{"name":"Icone","decl":{"start":{"line":6,"column":24},"end":{"line":6,"column":29}},"loc":{"start":{"line":6,"column":52},"end":{"line":12,"column":1}},"line":6},"1":{"name":"(anonymous_1)","decl":{"start":{"line":14,"column":22},"end":{"line":14,"column":23}},"loc":{"start":{"line":14,"column":31},"end":{"line":21,"column":2}},"line":14}},"branchMap":{"0":{"loc":{"start":{"line":10,"column":24},"end":{"line":10,"column":42}},"type":"binary-expr","locations":[{"start":{"line":10,"column":24},"end":{"line":10,"column":28}},{"start":{"line":10,"column":32},"end":{"line":10,"column":42}}],"line":10},"1":{"loc":{"start":{"line":16,"column":21},"end":{"line":16,"column":37}},"type":"binary-expr","locations":[{"start":{"line":16,"column":21},"end":{"line":16,"column":24}},{"start":{"line":16,"column":28},"end":{"line":16,"column":37}}],"line":16}},"s":{"0":0,"1":0,"2":0,"3":0},"f":{"0":0,"1":0},"b":{"0":[0,0],"1":[0,0]}}
,"C:\\Users\\edubr\\projects\\react-native\\react-native-alura-05\\src\\hooks\\useLeilao.js": {"path":"C:\\Users\\edubr\\projects\\react-native\\react-native-alura-05\\src\\hooks\\useLeilao.js","statementMap":{"0":{"start":{"line":9,"column":30},"end":{"line":9,"column":42}},"1":{"start":{"line":11,"column":25},"end":{"line":15,"column":3}},"2":{"start":{"line":12,"column":29},"end":{"line":12,"column":50}},"3":{"start":{"line":13,"column":30},"end":{"line":13,"column":59}},"4":{"start":{"line":14,"column":4},"end":{"line":14,"column":66}},"5":{"start":{"line":17,"column":21},"end":{"line":41,"column":3}},"6":{"start":{"line":18,"column":31},"end":{"line":18,"column":66}},"7":{"start":{"line":19,"column":4},"end":{"line":21,"column":5}},"8":{"start":{"line":20,"column":6},"end":{"line":20,"column":32}},"9":{"start":{"line":23,"column":26},"end":{"line":23,"column":61}},"10":{"start":{"line":24,"column":24},"end":{"line":24,"column":58}},"11":{"start":{"line":25,"column":4},"end":{"line":27,"column":5}},"12":{"start":{"line":26,"column":6},"end":{"line":26,"column":25}},"13":{"start":{"line":29,"column":27},"end":{"line":32,"column":5}},"14":{"start":{"line":34,"column":23},"end":{"line":34,"column":58}},"15":{"start":{"line":35,"column":4},"end":{"line":38,"column":5}},"16":{"start":{"line":36,"column":6},"end":{"line":36,"column":29}},"17":{"start":{"line":37,"column":6},"end":{"line":37,"column":21}},"18":{"start":{"line":40,"column":4},"end":{"line":40,"column":23}},"19":{"start":{"line":43,"column":2},"end":{"line":45,"column":9}},"20":{"start":{"line":44,"column":4},"end":{"line":44,"column":21}},"21":{"start":{"line":47,"column":2},"end":{"line":47,"column":48}}},"fnMap":{"0":{"name":"useLeilao","decl":{"start":{"line":8,"column":24},"end":{"line":8,"column":33}},"loc":{"start":{"line":8,"column":38},"end":{"line":48,"column":1}},"line":8},"1":{"name":"(anonymous_1)","decl":{"start":{"line":11,"column":25},"end":{"line":11,"column":26}},"loc":{"start":{"line":11,"column":37},"end":{"line":15,"column":3}},"line":11},"2":{"name":"(anonymous_2)","decl":{"start":{"line":17,"column":21},"end":{"line":17,"column":22}},"loc":{"start":{"line":17,"column":38},"end":{"line":41,"column":3}},"line":17},"3":{"name":"(anonymous_3)","decl":{"start":{"line":43,"column":12},"end":{"line":43,"column":13}},"loc":{"start":{"line":43,"column":18},"end":{"line":45,"column":3}},"line":43}},"branchMap":{"0":{"loc":{"start":{"line":19,"column":4},"end":{"line":21,"column":5}},"type":"if","locations":[{"start":{"line":19,"column":4},"end":{"line":21,"column":5}},{"start":{},"end":{}}],"line":19},"1":{"loc":{"start":{"line":25,"column":4},"end":{"line":27,"column":5}},"type":"if","locations":[{"start":{"line":25,"column":4},"end":{"line":27,"column":5}},{"start":{},"end":{}}],"line":25},"2":{"loc":{"start":{"line":35,"column":4},"end":{"line":38,"column":5}},"type":"if","locations":[{"start":{"line":35,"column":4},"end":{"line":38,"column":5}},{"start":{},"end":{}}],"line":35}},"s":{"0":0,"1":0,"2":0,"3":0,"4":0,"5":0,"6":0,"7":0,"8":0,"9":0,"10":0,"11":0,"12":0,"13":0,"14":0,"15":0,"16":0,"17":0,"18":0,"19":0,"20":0,"21":0},"f":{"0":0,"1":0,"2":0,"3":0},"b":{"0":[0,0],"1":[0,0],"2":[0,0]}}
,"C:\\Users\\edubr\\projects\\react-native\\react-native-alura-05\\src\\hooks\\useListaLeiloes.js": {"path":"C:\\Users\\edubr\\projects\\react-native\\react-native-alura-05\\src\\hooks\\useListaLeiloes.js","statementMap":{"0":{"start":{"line":5,"column":32},"end":{"line":5,"column":44}},"1":{"start":{"line":7,"column":26},"end":{"line":10,"column":3}},"2":{"start":{"line":8,"column":31},"end":{"line":8,"column":51}},"3":{"start":{"line":9,"column":4},"end":{"line":9,"column":35}},"4":{"start":{"line":12,"column":2},"end":{"line":14,"column":9}},"5":{"start":{"line":13,"column":4},"end":{"line":13,"column":22}},"6":{"start":{"line":16,"column":2},"end":{"line":16,"column":38}}},"fnMap":{"0":{"name":"useListaLeiloes","decl":{"start":{"line":4,"column":24},"end":{"line":4,"column":39}},"loc":{"start":{"line":4,"column":42},"end":{"line":17,"column":1}},"line":4},"1":{"name":"(anonymous_1)","decl":{"start":{"line":7,"column":26},"end":{"line":7,"column":27}},"loc":{"start":{"line":7,"column":38},"end":{"line":10,"column":3}},"line":7},"2":{"name":"(anonymous_2)","decl":{"start":{"line":12,"column":12},"end":{"line":12,"column":13}},"loc":{"start":{"line":12,"column":18},"end":{"line":14,"column":3}},"line":12}},"branchMap":{},"s":{"0":0,"1":0,"2":0,"3":0,"4":0,"5":0,"6":0},"f":{"0":0,"1":0,"2":0},"b":{}}
,"C:\\Users\\edubr\\projects\\react-native\\react-native-alura-05\\src\\negocio\\constantes\\estadosLance.js": {"path":"C:\\Users\\edubr\\projects\\react-native\\react-native-alura-05\\src\\negocio\\constantes\\estadosLance.js","statementMap":{"0":{"start":{"line":1,"column":24},"end":{"line":1,"column":84}},"1":{"start":{"line":2,"column":41},"end":{"line":2,"column":85}},"2":{"start":{"line":3,"column":39},"end":{"line":3,"column":72}},"3":{"start":{"line":4,"column":22},"end":{"line":4,"column":36}},"4":{"start":{"line":5,"column":27},"end":{"line":5,"column":63}},"5":{"start":{"line":6,"column":23},"end":{"line":6,"column":50}}},"fnMap":{},"branchMap":{},"s":{"0":0,"1":0,"2":0,"3":0,"4":0,"5":0},"f":{},"b":{}}
,"C:\\Users\\edubr\\projects\\react-native\\react-native-alura-05\\src\\negocio\\formatadores\\lance.js": {"path":"C:\\Users\\edubr\\projects\\react-native\\react-native-alura-05\\src\\negocio\\formatadores\\lance.js","statementMap":{"0":{"start":{"line":2,"column":21},"end":{"line":5,"column":3}},"1":{"start":{"line":3,"column":22},"end":{"line":3,"column":63}},"2":{"start":{"line":6,"column":2},"end":{"line":6,"column":20}}},"fnMap":{"0":{"name":"formataMaiorLanceDoLeilao","decl":{"start":{"line":1,"column":16},"end":{"line":1,"column":41}},"loc":{"start":{"line":1,"column":64},"end":{"line":7,"column":1}},"line":1},"1":{"name":"(anonymous_1)","decl":{"start":{"line":3,"column":4},"end":{"line":3,"column":5}},"loc":{"start":{"line":3,"column":22},"end":{"line":3,"column":63}},"line":3}},"branchMap":{"0":{"loc":{"start":{"line":3,"column":22},"end":{"line":3,"column":63}},"type":"cond-expr","locations":[{"start":{"line":3,"column":44},"end":{"line":3,"column":55}},{"start":{"line":3,"column":58},"end":{"line":3,"column":63}}],"line":3}},"s":{"0":0,"1":0,"2":0},"f":{"0":0,"1":0},"b":{"0":[0,0]}}
,"C:\\Users\\edubr\\projects\\react-native\\react-native-alura-05\\src\\negocio\\formatadores\\moeda.js": {"path":"C:\\Users\\edubr\\projects\\react-native\\react-native-alura-05\\src\\negocio\\formatadores\\moeda.js","statementMap":{"0":{"start":{"line":2,"column":2},"end":{"line":5,"column":19}},"1":{"start":{"line":9,"column":28},"end":{"line":9,"column":68}},"2":{"start":{"line":10,"column":2},"end":{"line":10,"column":39}}},"fnMap":{"0":{"name":"formataDecimalParaReal","decl":{"start":{"line":1,"column":16},"end":{"line":1,"column":38}},"loc":{"start":{"line":1,"column":46},"end":{"line":6,"column":1}},"line":1},"1":{"name":"formataBrasileiroParaDecimal","decl":{"start":{"line":8,"column":16},"end":{"line":8,"column":44}},"loc":{"start":{"line":8,"column":52},"end":{"line":11,"column":1}},"line":8}},"branchMap":{},"s":{"0":1,"1":1,"2":1},"f":{"0":1,"1":1},"b":{},"_coverageSchema":"1a1c01bbd47fc00a2c39e90264f33305004495a9","hash":"d1733e23e3e70029de0e870bb2abb3a8a7a518b2"}
,"C:\\Users\\edubr\\projects\\react-native\\react-native-alura-05\\src\\negocio\\validadores\\lance.js": {"path":"C:\\Users\\edubr\\projects\\react-native\\react-native-alura-05\\src\\negocio\\validadores\\lance.js","statementMap":{"0":{"start":{"line":9,"column":2},"end":{"line":11,"column":3}},"1":{"start":{"line":10,"column":4},"end":{"line":10,"column":18}},"2":{"start":{"line":13,"column":2},"end":{"line":13,"column":18}},"3":{"start":{"line":17,"column":37},"end":{"line":17,"column":90}},"4":{"start":{"line":18,"column":30},"end":{"line":18,"column":70}},"5":{"start":{"line":20,"column":2},"end":{"line":22,"column":3}},"6":{"start":{"line":21,"column":4},"end":{"line":21,"column":31}},"7":{"start":{"line":24,"column":2},"end":{"line":26,"column":3}},"8":{"start":{"line":25,"column":4},"end":{"line":25,"column":38}},"9":{"start":{"line":28,"column":2},"end":{"line":28,"column":29}},"10":{"start":{"line":32,"column":2},"end":{"line":34,"column":3}},"11":{"start":{"line":33,"column":4},"end":{"line":33,"column":18}},"12":{"start":{"line":36,"column":2},"end":{"line":36,"column":33}},"13":{"start":{"line":40,"column":29},"end":{"line":40,"column":71}},"14":{"start":{"line":40,"column":50},"end":{"line":40,"column":70}},"15":{"start":{"line":41,"column":2},"end":{"line":43,"column":3}},"16":{"start":{"line":42,"column":4},"end":{"line":42,"column":18}},"17":{"start":{"line":45,"column":2},"end":{"line":45,"column":35}}},"fnMap":{"0":{"name":"validaFormatoNumericoDoLance","decl":{"start":{"line":8,"column":16},"end":{"line":8,"column":44}},"loc":{"start":{"line":8,"column":59},"end":{"line":14,"column":1}},"line":8},"1":{"name":"validaLance","decl":{"start":{"line":16,"column":16},"end":{"line":16,"column":27}},"loc":{"start":{"line":16,"column":61},"end":{"line":29,"column":1}},"line":16},"2":{"name":"validaLanceMaiorOuIgualAoInicial","decl":{"start":{"line":31,"column":9},"end":{"line":31,"column":41}},"loc":{"start":{"line":31,"column":63},"end":{"line":37,"column":1}},"line":31},"3":{"name":"validaLanceMaiorQueLances","decl":{"start":{"line":39,"column":9},"end":{"line":39,"column":34}},"loc":{"start":{"line":39,"column":50},"end":{"line":46,"column":1}},"line":39},"4":{"name":"(anonymous_4)","decl":{"start":{"line":40,"column":41},"end":{"line":40,"column":42}},"loc":{"start":{"line":40,"column":50},"end":{"line":40,"column":70}},"line":40}},"branchMap":{"0":{"loc":{"start":{"line":9,"column":2},"end":{"line":11,"column":3}},"type":"if","locations":[{"start":{"line":9,"column":2},"end":{"line":11,"column":3}},{"start":{},"end":{}}],"line":9},"1":{"loc":{"start":{"line":20,"column":2},"end":{"line":22,"column":3}},"type":"if","locations":[{"start":{"line":20,"column":2},"end":{"line":22,"column":3}},{"start":{},"end":{}}],"line":20},"2":{"loc":{"start":{"line":24,"column":2},"end":{"line":26,"column":3}},"type":"if","locations":[{"start":{"line":24,"column":2},"end":{"line":26,"column":3}},{"start":{},"end":{}}],"line":24},"3":{"loc":{"start":{"line":32,"column":2},"end":{"line":34,"column":3}},"type":"if","locations":[{"start":{"line":32,"column":2},"end":{"line":34,"column":3}},{"start":{},"end":{}}],"line":32},"4":{"loc":{"start":{"line":41,"column":2},"end":{"line":43,"column":3}},"type":"if","locations":[{"start":{"line":41,"column":2},"end":{"line":43,"column":3}},{"start":{},"end":{}}],"line":41}},"s":{"0":0,"1":0,"2":0,"3":0,"4":0,"5":0,"6":0,"7":0,"8":0,"9":0,"10":0,"11":0,"12":0,"13":0,"14":0,"15":0,"16":0,"17":0},"f":{"0":0,"1":0,"2":0,"3":0,"4":0},"b":{"0":[0,0],"1":[0,0],"2":[0,0],"3":[0,0],"4":[0,0]}}
,"C:\\Users\\edubr\\projects\\react-native\\react-native-alura-05\\src\\repositorio\\lance.js": {"path":"C:\\Users\\edubr\\projects\\react-native\\react-native-alura-05\\src\\repositorio\\lance.js","statementMap":{"0":{"start":{"line":4,"column":2},"end":{"line":9,"column":3}},"1":{"start":{"line":5,"column":21},"end":{"line":5,"column":77}},"2":{"start":{"line":6,"column":4},"end":{"line":6,"column":25}},"3":{"start":{"line":8,"column":4},"end":{"line":8,"column":14}},"4":{"start":{"line":13,"column":2},"end":{"line":18,"column":3}},"5":{"start":{"line":14,"column":4},"end":{"line":14,"column":42}},"6":{"start":{"line":15,"column":4},"end":{"line":15,"column":16}},"7":{"start":{"line":17,"column":4},"end":{"line":17,"column":17}}},"fnMap":{"0":{"name":"obtemLancesDoLeilao","decl":{"start":{"line":3,"column":22},"end":{"line":3,"column":41}},"loc":{"start":{"line":3,"column":46},"end":{"line":10,"column":1}},"line":3},"1":{"name":"adicionaLance","decl":{"start":{"line":12,"column":22},"end":{"line":12,"column":35}},"loc":{"start":{"line":12,"column":43},"end":{"line":19,"column":1}},"line":12}},"branchMap":{},"s":{"0":0,"1":0,"2":0,"3":0,"4":0,"5":0,"6":0,"7":0},"f":{"0":0,"1":0},"b":{}}
,"C:\\Users\\edubr\\projects\\react-native\\react-native-alura-05\\src\\repositorio\\leilao.js": {"path":"C:\\Users\\edubr\\projects\\react-native\\react-native-alura-05\\src\\repositorio\\leilao.js","statementMap":{"0":{"start":{"line":4,"column":2},"end":{"line":9,"column":3}},"1":{"start":{"line":5,"column":21},"end":{"line":5,"column":51}},"2":{"start":{"line":6,"column":4},"end":{"line":6,"column":25}},"3":{"start":{"line":8,"column":4},"end":{"line":8,"column":14}},"4":{"start":{"line":13,"column":2},"end":{"line":18,"column":3}},"5":{"start":{"line":14,"column":21},"end":{"line":14,"column":57}},"6":{"start":{"line":15,"column":4},"end":{"line":15,"column":25}},"7":{"start":{"line":17,"column":4},"end":{"line":17,"column":14}}},"fnMap":{"0":{"name":"obtemLeiloes","decl":{"start":{"line":3,"column":22},"end":{"line":3,"column":34}},"loc":{"start":{"line":3,"column":37},"end":{"line":10,"column":1}},"line":3},"1":{"name":"obtemLeilao","decl":{"start":{"line":12,"column":22},"end":{"line":12,"column":33}},"loc":{"start":{"line":12,"column":38},"end":{"line":19,"column":1}},"line":12}},"branchMap":{},"s":{"0":0,"1":0,"2":0,"3":0,"4":0,"5":0,"6":0,"7":0},"f":{"0":0,"1":0},"b":{}}
,"C:\\Users\\edubr\\projects\\react-native\\react-native-alura-05\\src\\rotas\\AppRotas.js": {"path":"C:\\Users\\edubr\\projects\\react-native\\react-native-alura-05\\src\\rotas\\AppRotas.js","statementMap":{"0":{"start":{"line":8,"column":14},"end":{"line":8,"column":42}},"1":{"start":{"line":11,"column":2},"end":{"line":27,"column":4}}},"fnMap":{"0":{"name":"AppRotas","decl":{"start":{"line":10,"column":24},"end":{"line":10,"column":32}},"loc":{"start":{"line":10,"column":35},"end":{"line":28,"column":1}},"line":10}},"branchMap":{},"s":{"0":0,"1":0},"f":{"0":0},"b":{}}
,"C:\\Users\\edubr\\projects\\react-native\\react-native-alura-05\\src\\servicos\\apiLeiloes.js": {"path":"C:\\Users\\edubr\\projects\\react-native\\react-native-alura-05\\src\\servicos\\apiLeiloes.js","statementMap":{"0":{"start":{"line":4,"column":17},"end":{"line":7,"column":2}}},"fnMap":{},"branchMap":{},"s":{"0":0},"f":{},"b":{}}
,"C:\\Users\\edubr\\projects\\react-native\\react-native-alura-05\\src\\telas\\Leilao\\index.js": {"path":"C:\\Users\\edubr\\projects\\react-native\\react-native-alura-05\\src\\telas\\Leilao\\index.js","statementMap":{"0":{"start":{"line":11,"column":16},"end":{"line":11,"column":26}},"1":{"start":{"line":12,"column":38},"end":{"line":12,"column":53}},"2":{"start":{"line":14,"column":13},"end":{"line":14,"column":28}},"3":{"start":{"line":15,"column":46},"end":{"line":15,"column":59}},"4":{"start":{"line":17,"column":20},"end":{"line":23,"column":3}},"5":{"start":{"line":18,"column":24},"end":{"line":18,"column":47}},"6":{"start":{"line":19,"column":4},"end":{"line":20,"column":29}},"7":{"start":{"line":20,"column":6},"end":{"line":20,"column":29}},"8":{"start":{"line":22,"column":4},"end":{"line":22,"column":23}},"9":{"start":{"line":25,"column":25},"end":{"line":29,"column":3}},"10":{"start":{"line":26,"column":4},"end":{"line":26,"column":24}},"11":{"start":{"line":27,"column":4},"end":{"line":27,"column":24}},"12":{"start":{"line":28,"column":4},"end":{"line":28,"column":25}},"13":{"start":{"line":31,"column":2},"end":{"line":33,"column":3}},"14":{"start":{"line":32,"column":4},"end":{"line":32,"column":19}},"15":{"start":{"line":35,"column":2},"end":{"line":46,"column":5}},"16":{"start":{"line":38,"column":32},"end":{"line":38,"column":41}},"17":{"start":{"line":39,"column":32},"end":{"line":39,"column":68}},"18":{"start":{"line":40,"column":33},"end":{"line":40,"column":53}},"19":{"start":{"line":49,"column":16},"end":{"line":55,"column":2}}},"fnMap":{"0":{"name":"Leilao","decl":{"start":{"line":10,"column":24},"end":{"line":10,"column":30}},"loc":{"start":{"line":10,"column":33},"end":{"line":47,"column":1}},"line":10},"1":{"name":"(anonymous_1)","decl":{"start":{"line":17,"column":20},"end":{"line":17,"column":21}},"loc":{"start":{"line":17,"column":37},"end":{"line":23,"column":3}},"line":17},"2":{"name":"(anonymous_2)","decl":{"start":{"line":25,"column":25},"end":{"line":25,"column":26}},"loc":{"start":{"line":25,"column":37},"end":{"line":29,"column":3}},"line":25},"3":{"name":"(anonymous_3)","decl":{"start":{"line":38,"column":20},"end":{"line":38,"column":21}},"loc":{"start":{"line":38,"column":32},"end":{"line":38,"column":41}},"line":38},"4":{"name":"(anonymous_4)","decl":{"start":{"line":39,"column":18},"end":{"line":39,"column":19}},"loc":{"start":{"line":39,"column":32},"end":{"line":39,"column":68}},"line":39},"5":{"name":"(anonymous_5)","decl":{"start":{"line":40,"column":27},"end":{"line":40,"column":28}},"loc":{"start":{"line":40,"column":33},"end":{"line":40,"column":53}},"line":40}},"branchMap":{"0":{"loc":{"start":{"line":19,"column":4},"end":{"line":20,"column":29}},"type":"if","locations":[{"start":{"line":19,"column":4},"end":{"line":20,"column":29}},{"start":{},"end":{}}],"line":19},"1":{"loc":{"start":{"line":31,"column":2},"end":{"line":33,"column":3}},"type":"if","locations":[{"start":{"line":31,"column":2},"end":{"line":33,"column":3}},{"start":{},"end":{}}],"line":31}},"s":{"0":0,"1":0,"2":0,"3":0,"4":0,"5":0,"6":0,"7":0,"8":0,"9":0,"10":0,"11":0,"12":0,"13":0,"14":0,"15":0,"16":0,"17":0,"18":0,"19":0},"f":{"0":0,"1":0,"2":0,"3":0,"4":0,"5":0},"b":{"0":[0,0],"1":[0,0]}}
,"C:\\Users\\edubr\\projects\\react-native\\react-native-alura-05\\src\\telas\\Leilao\\componentes\\EnviaLance.js": {"path":"C:\\Users\\edubr\\projects\\react-native\\react-native-alura-05\\src\\telas\\Leilao\\componentes\\EnviaLance.js","statementMap":{"0":{"start":{"line":8,"column":28},"end":{"line":8,"column":40}},"1":{"start":{"line":9,"column":26},"end":{"line":9,"column":38}},"2":{"start":{"line":10,"column":32},"end":{"line":10,"column":44}},"3":{"start":{"line":11,"column":34},"end":{"line":11,"column":49}},"4":{"start":{"line":13,"column":18},"end":{"line":13,"column":42}},"5":{"start":{"line":15,"column":22},"end":{"line":30,"column":3}},"6":{"start":{"line":16,"column":4},"end":{"line":16,"column":22}},"7":{"start":{"line":17,"column":4},"end":{"line":17,"column":16}},"8":{"start":{"line":18,"column":4},"end":{"line":18,"column":19}},"9":{"start":{"line":20,"column":24},"end":{"line":20,"column":47}},"10":{"start":{"line":22,"column":4},"end":{"line":27,"column":5}},"11":{"start":{"line":23,"column":6},"end":{"line":23,"column":19}},"12":{"start":{"line":24,"column":6},"end":{"line":24,"column":30}},"13":{"start":{"line":26,"column":6},"end":{"line":26,"column":27}},"14":{"start":{"line":29,"column":4},"end":{"line":29,"column":23}},"15":{"start":{"line":32,"column":2},"end":{"line":49,"column":13}},"16":{"start":{"line":52,"column":22},"end":{"line":101,"column":2}},"17":{"start":{"line":52,"column":37},"end":{"line":101,"column":2}}},"fnMap":{"0":{"name":"EnviaLance","decl":{"start":{"line":7,"column":24},"end":{"line":7,"column":34}},"loc":{"start":{"line":7,"column":56},"end":{"line":50,"column":1}},"line":7},"1":{"name":"(anonymous_1)","decl":{"start":{"line":15,"column":22},"end":{"line":15,"column":23}},"loc":{"start":{"line":15,"column":34},"end":{"line":30,"column":3}},"line":15},"2":{"name":"(anonymous_2)","decl":{"start":{"line":52,"column":22},"end":{"line":52,"column":23}},"loc":{"start":{"line":52,"column":37},"end":{"line":101,"column":2}},"line":52}},"branchMap":{"0":{"loc":{"start":{"line":22,"column":4},"end":{"line":27,"column":5}},"type":"if","locations":[{"start":{"line":22,"column":4},"end":{"line":27,"column":5}},{"start":{"line":25,"column":11},"end":{"line":27,"column":5}}],"line":22},"1":{"loc":{"start":{"line":32,"column":30},"end":{"line":32,"column":62}},"type":"cond-expr","locations":[{"start":{"line":32,"column":54},"end":{"line":32,"column":56}},{"start":{"line":32,"column":59},"end":{"line":32,"column":62}}],"line":32},"2":{"loc":{"start":{"line":33,"column":5},"end":{"line":33,"column":55}},"type":"binary-expr","locations":[{"start":{"line":33,"column":5},"end":{"line":33,"column":11}},{"start":{"line":33,"column":15},"end":{"line":33,"column":55}}],"line":33},"3":{"loc":{"start":{"line":34,"column":5},"end":{"line":34,"column":64}},"type":"binary-expr","locations":[{"start":{"line":34,"column":5},"end":{"line":34,"column":14}},{"start":{"line":34,"column":18},"end":{"line":34,"column":64}}],"line":34},"4":{"loc":{"start":{"line":84,"column":17},"end":{"line":84,"column":45}},"type":"cond-expr","locations":[{"start":{"line":84,"column":24},"end":{"line":84,"column":33}},{"start":{"line":84,"column":36},"end":{"line":84,"column":45}}],"line":84},"5":{"loc":{"start":{"line":85,"column":11},"end":{"line":85,"column":39}},"type":"cond-expr","locations":[{"start":{"line":85,"column":18},"end":{"line":85,"column":27}},{"start":{"line":85,"column":30},"end":{"line":85,"column":39}}],"line":85}},"s":{"0":0,"1":0,"2":0,"3":0,"4":0,"5":0,"6":0,"7":0,"8":0,"9":0,"10":0,"11":0,"12":0,"13":0,"14":0,"15":0,"16":0,"17":0},"f":{"0":0,"1":0,"2":0},"b":{"0":[0,0],"1":[0,0],"2":[0,0],"3":[0,0],"4":[0,0],"5":[0,0]}}
,"C:\\Users\\edubr\\projects\\react-native\\react-native-alura-05\\src\\telas\\Leilao\\componentes\\Lance.js": {"path":"C:\\Users\\edubr\\projects\\react-native\\react-native-alura-05\\src\\telas\\Leilao\\componentes\\Lance.js","statementMap":{"0":{"start":{"line":10,"column":2},"end":{"line":16,"column":11}},"1":{"start":{"line":20,"column":16},"end":{"line":45,"column":2}}},"fnMap":{"0":{"name":"Lance","decl":{"start":{"line":9,"column":24},"end":{"line":9,"column":29}},"loc":{"start":{"line":9,"column":50},"end":{"line":18,"column":1}},"line":9}},"branchMap":{},"s":{"0":0,"1":0},"f":{"0":0},"b":{}}
,"C:\\Users\\edubr\\projects\\react-native\\react-native-alura-05\\src\\telas\\Leilao\\componentes\\Topo.js": {"path":"C:\\Users\\edubr\\projects\\react-native\\react-native-alura-05\\src\\telas\\Leilao\\componentes\\Topo.js","statementMap":{"0":{"start":{"line":10,"column":21},"end":{"line":10,"column":68}},"1":{"start":{"line":12,"column":2},"end":{"line":29,"column":5}},"2":{"start":{"line":32,"column":16},"end":{"line":86,"column":2}}},"fnMap":{"0":{"name":"Topo","decl":{"start":{"line":9,"column":24},"end":{"line":9,"column":28}},"loc":{"start":{"line":9,"column":84},"end":{"line":30,"column":1}},"line":9}},"branchMap":{},"s":{"0":0,"1":0,"2":0},"f":{"0":0},"b":{}}
,"C:\\Users\\edubr\\projects\\react-native\\react-native-alura-05\\src\\telas\\ListaLeiloes\\index.js": {"path":"C:\\Users\\edubr\\projects\\react-native\\react-native-alura-05\\src\\telas\\ListaLeiloes\\index.js","statementMap":{"0":{"start":{"line":8,"column":34},"end":{"line":8,"column":51}},"1":{"start":{"line":9,"column":38},"end":{"line":9,"column":53}},"2":{"start":{"line":11,"column":24},"end":{"line":15,"column":3}},"3":{"start":{"line":12,"column":4},"end":{"line":12,"column":24}},"4":{"start":{"line":13,"column":4},"end":{"line":13,"column":25}},"5":{"start":{"line":14,"column":4},"end":{"line":14,"column":25}},"6":{"start":{"line":17,"column":2},"end":{"line":26,"column":4}},"7":{"start":{"line":20,"column":28},"end":{"line":20,"column":46}},"8":{"start":{"line":21,"column":32},"end":{"line":21,"column":52}},"9":{"start":{"line":29,"column":16},"end":{"line":33,"column":2}}},"fnMap":{"0":{"name":"ListaLeiloes","decl":{"start":{"line":7,"column":24},"end":{"line":7,"column":36}},"loc":{"start":{"line":7,"column":39},"end":{"line":27,"column":1}},"line":7},"1":{"name":"(anonymous_1)","decl":{"start":{"line":11,"column":24},"end":{"line":11,"column":25}},"loc":{"start":{"line":11,"column":36},"end":{"line":15,"column":3}},"line":11},"2":{"name":"(anonymous_2)","decl":{"start":{"line":20,"column":20},"end":{"line":20,"column":21}},"loc":{"start":{"line":20,"column":28},"end":{"line":20,"column":46}},"line":20},"3":{"name":"(anonymous_3)","decl":{"start":{"line":21,"column":18},"end":{"line":21,"column":19}},"loc":{"start":{"line":21,"column":32},"end":{"line":21,"column":52}},"line":21}},"branchMap":{},"s":{"0":0,"1":0,"2":0,"3":0,"4":0,"5":0,"6":0,"7":0,"8":0,"9":0},"f":{"0":0,"1":0,"2":0,"3":0},"b":{}}
,"C:\\Users\\edubr\\projects\\react-native\\react-native-alura-05\\src\\telas\\ListaLeiloes\\componentes\\Leilao.js": {"path":"C:\\Users\\edubr\\projects\\react-native\\react-native-alura-05\\src\\telas\\ListaLeiloes\\componentes\\Leilao.js","statementMap":{"0":{"start":{"line":11,"column":21},"end":{"line":11,"column":36}},"1":{"start":{"line":13,"column":2},"end":{"line":28,"column":4}},"2":{"start":{"line":15,"column":21},"end":{"line":15,"column":58}},"3":{"start":{"line":31,"column":16},"end":{"line":63,"column":2}}},"fnMap":{"0":{"name":"Leilao","decl":{"start":{"line":10,"column":24},"end":{"line":10,"column":30}},"loc":{"start":{"line":10,"column":71},"end":{"line":29,"column":1}},"line":10},"1":{"name":"(anonymous_1)","decl":{"start":{"line":15,"column":15},"end":{"line":15,"column":16}},"loc":{"start":{"line":15,"column":21},"end":{"line":15,"column":58}},"line":15}},"branchMap":{},"s":{"0":0,"1":0,"2":0,"3":0},"f":{"0":0,"1":0},"b":{}}
}
